app/build/intermediates/manifest_merge_blame_file/debug/manifest-merger-blame-debug-report.txt
1<?xml version="1.0" encoding="utf-8"?>
2<manifest xmlns:android="http://schemas.android.com/apk/res/android"
3    xmlns:dist="http://schemas.android.com/apk/distribution"
4    package="com.example.withyou"
5    android:versionCode="1"
6    android:versionName="1.0" >
7
8    <uses-sdk
9        android:minSdkVersion="24"
9-->src/main/AndroidManifest.xml
10        android:targetSdkVersion="31" />
10-->src/main/AndroidManifest.xml
11
12    <dist:module dist:instant="true" />
12-->src/main/AndroidManifest.xml:6:5-40
12-->src/main/AndroidManifest.xml:6:18-37
13
14    <uses-permission android:name="android.permission.CALL_PHONE" />
14-->src/main/AndroidManifest.xml:8:5-69
14-->src/main/AndroidManifest.xml:8:22-66
15    <uses-permission android:name="android.permission.INTERNET" />
15-->src/main/AndroidManifest.xml:9:5-67
15-->src/main/AndroidManifest.xml:9:22-64
16    <uses-permission android:name="android.permission.ACCESS_FINE_LOCATION" />
16-->src/main/AndroidManifest.xml:10:5-79
16-->src/main/AndroidManifest.xml:10:22-76
17    <uses-permission android:name="android.permission.ACCESS_COARSE_LOCATION" />
17-->src/main/AndroidManifest.xml:11:5-81
17-->src/main/AndroidManifest.xml:11:22-78
18    <uses-permission android:name="android.permission.SEND_SMS" />
18-->src/main/AndroidManifest.xml:12:5-67
18-->src/main/AndroidManifest.xml:12:22-64
19    <uses-permission android:name="android.permission.READ_SMS" />
19-->src/main/AndroidManifest.xml:13:5-67
19-->src/main/AndroidManifest.xml:13:22-64
20    <uses-permission android:name="android.permission.CAMERA" />
20-->src/main/AndroidManifest.xml:14:5-64
20-->src/main/AndroidManifest.xml:14:22-62
21    <uses-permission android:name="android.permission.READ_EXTERNAL_STORAGE" />
21-->src/main/AndroidManifest.xml:15:5-79
21-->src/main/AndroidManifest.xml:15:22-77
22    <uses-permission android:name="android.permission.WRITE_EXTERNAL_STORAGE" />
22-->src/main/AndroidManifest.xml:16:5-80
22-->src/main/AndroidManifest.xml:16:22-78
23
24    <application
24-->src/main/AndroidManifest.xml:18:5-56:19
25        android:allowBackup="true"
25-->src/main/AndroidManifest.xml:19:9-35
26        android:appComponentFactory="androidx.core.app.CoreComponentFactory"
26-->[androidx.core:core:1.5.0] AndroidManifest.xml:24:18-86
27        android:debuggable="true"
28        android:extractNativeLibs="false"
29        android:icon="@drawable/ic_security_black_24dp"
29-->src/main/AndroidManifest.xml:20:9-56
30        android:label="@string/app_name"
30-->src/main/AndroidManifest.xml:21:9-41
31        android:roundIcon="@drawable/ic_security_black_24dp"
31-->src/main/AndroidManifest.xml:22:9-61
32        android:supportsRtl="true"
32-->src/main/AndroidManifest.xml:23:9-35
33        android:testOnly="true"
34        android:theme="@style/AppTheme" >
34-->src/main/AndroidManifest.xml:24:9-40
35        <provider
35-->src/main/AndroidManifest.xml:25:9-33:20
36            android:name="androidx.core.content.FileProvider"
36-->src/main/AndroidManifest.xml:26:13-62
37            android:authorities="com.example.android.fileprovider"
37-->src/main/AndroidManifest.xml:27:13-67
38            android:exported="false"
38-->src/main/AndroidManifest.xml:28:13-37
39            android:grantUriPermissions="true" >
39-->src/main/AndroidManifest.xml:29:13-47
40            <meta-data
40-->src/main/AndroidManifest.xml:30:13-32:64
41                android:name="android.support.FILE_PROVIDER_PATHS"
41-->src/main/AndroidManifest.xml:31:17-67
42                android:resource="@xml/file_paths" />
42-->src/main/AndroidManifest.xml:32:17-51
43        </provider>
44
45        <activity
45-->src/main/AndroidManifest.xml:34:9-35:57
46            android:name="com.example.withyou.SettingsActivity"
46-->src/main/AndroidManifest.xml:34:19-51
47            android:theme="@style/AppTheme1" />
47-->src/main/AndroidManifest.xml:35:13-45
48        <activity
48-->src/main/AndroidManifest.xml:36:9-37:46
49            android:name="com.example.withyou.AccessActivity"
49-->src/main/AndroidManifest.xml:36:19-49
50            android:theme="@style/AppTheme" />
50-->src/main/AndroidManifest.xml:37:13-44
51
52        <receiver android:name="com.example.withyou.LowBatteryReceiver" >
52-->src/main/AndroidManifest.xml:39:9-43:20
52-->src/main/AndroidManifest.xml:39:19-53
53            <intent-filter>
53-->src/main/AndroidManifest.xml:40:13-42:29
54                <action android:name="android.intent.action.BATTERY_LOW" />
54-->src/main/AndroidManifest.xml:41:17-76
54-->src/main/AndroidManifest.xml:41:25-73
55            </intent-filter>
56        </receiver>
57
58        <activity android:name="com.example.withyou.LoginActivity" />
58-->src/main/AndroidManifest.xml:45:9-51
58-->src/main/AndroidManifest.xml:45:19-48
59        <activity
59-->src/main/AndroidManifest.xml:46:9-53:20
60            android:name="com.example.withyou.SplashActivity"
60-->src/main/AndroidManifest.xml:46:19-49
61            android:theme="@style/AppTheme2" >
61-->src/main/AndroidManifest.xml:47:13-45
62            <intent-filter>
62-->src/main/AndroidManifest.xml:48:13-52:29
63                <action android:name="android.intent.action.MAIN" />
63-->src/main/AndroidManifest.xml:49:17-69
63-->src/main/AndroidManifest.xml:49:25-66
64
65                <category android:name="android.intent.category.LAUNCHER" />
65-->src/main/AndroidManifest.xml:51:17-77
65-->src/main/AndroidManifest.xml:51:27-74
66            </intent-filter>
67        </activity>
68        <activity
68-->src/main/AndroidManifest.xml:54:9-55:47
69            android:name="com.example.withyou.MainActivity"
69-->src/main/AndroidManifest.xml:54:19-47
70            android:theme="@style/AppTheme2" />
70-->src/main/AndroidManifest.xml:55:13-45
71        <activity
71-->[com.google.android.gms:play-services-base:17.5.0] AndroidManifest.xml:23:9-26:75
72            android:name="com.google.android.gms.common.api.GoogleApiActivity"
72-->[com.google.android.gms:play-services-base:17.5.0] AndroidManifest.xml:24:13-79
73            android:exported="false"
73-->[com.google.android.gms:play-services-base:17.5.0] AndroidManifest.xml:25:13-37
74            android:theme="@android:style/Theme.Translucent.NoTitleBar" />
74-->[com.google.android.gms:play-services-base:17.5.0] AndroidManifest.xml:26:13-72
75
76        <meta-data
76-->[com.google.android.gms:play-services-basement:17.5.0] AndroidManifest.xml:23:9-25:69
77            android:name="com.google.android.gms.version"
77-->[com.google.android.gms:play-services-basement:17.5.0] AndroidManifest.xml:24:13-58
78            android:value="@integer/google_play_services_version" />
78-->[com.google.android.gms:play-services-basement:17.5.0] AndroidManifest.xml:25:13-66
79    </application>
80
81</manifest>